Lumerical 2020a FDTD Solver Version 8.23.2152 (Windows 64bit)
 expires (month/day/year): 10/31/2020
using config file: C:/Users/Workstation2-NBTP/AppData/Roaming/Lumerical/License.ini
license host: 141.223.166.50
current time: Fri Jan  3 20:55:42 2020
Running on host: DESKTOP-TF4A07D
All processes are communicating and ready to proceed to simulation...
Running fsp file: C:\Program Files\Lumerical\2020a\bin\fdtd-engine-msmpi.exe -t 1 -remote D:/LJG/DBR/DBR_single.fsp
number of processors is 36
processors are distributed as: 36x1x1
Running 2D Simulation
Starting meshing
Simulation size in gridpoints: 11 x 8 x 1
Refined 0 mesh cells (0%)
Completed meshing!
Meshing complete in 0 seconds of CPU time
0 0
Starting meshing
Simulation size in gridpoints: 11 x 8 x 1
Refined 0 mesh cells (0%)
Completed meshing!
Meshing complete in 0 seconds of CPU time
0 0
finished material properties
Selected kernel with optimization level: 2 and split-field propagation direction: 0
Starting meshing
Simulation size in gridpoints: 11 x 8 x 1
Refined 0 mesh cells (0%)
Completed meshing!
Meshing complete in 0 seconds of CPU time
0 0
Selected kernel with optimization level: 2 and split-field propagation direction: 0
-----------------------------------------
Beginning initialization of 2D FDTD Simulation
  Including TE Simulation
Starting to add sources to simulation

Adding Gaussian source propagating in X
Starting to add boundary conditions to simulation
Adding PML BC
Adding parallel BC
Adding periodic BC
Adding periodic BC
Starting to add monitors to Simulation
Adding analysis monitor
Adding frequency monitor
Adding frequency monitor
Finished initialization of 2D Simulation
-----------------------------------------
All processes are communicating and ready to proceed to simulation...
Starting 43673 total iterations
0.109907% complete. Max time remaining: 7 secs. Auto Shutoff: 1
1.1357% complete. Max time remaining: 8 secs. Auto Shutoff: 1
2.30804% complete. Max time remaining: 5 secs. Auto Shutoff: 1
4.65272% complete. Max time remaining: 4 secs. Auto Shutoff: 1
9.34207% complete. Max time remaining: 3 secs. Auto Shutoff: 0.0386349
18.7208% complete. Max time remaining: 2 secs. Auto Shutoff: 0.00804309
37.4782% complete. Max time remaining: 2 secs. Auto Shutoff: 0.000543268
66.4615% complete. Max time remaining: 1 secs. Auto Shutoff: 8.85077e-06
100% complete. Max time remaining: 0 mins, 0 secs. Auto Shutoff: 8.85077e-06
Early termination of simulation, the autoshutoff criteria are satisfied.
Completed 29026 iterations, or 1.329230e-12s of Simulation Time
Process 0 starting to collect data
    collecting TM monitor data
    collecting TE monitor data
    collecting TM source data
    collecting TE source data
Finished collecting data
Simulation completed successfully at: Fri Jan  3 20:55:44 2020
Overall wall time measurements in seconds: 2.06842
    time to mesh and initialize: 0.037444
    time to run FDTD simulation: 1.5665
    time to checkpoint simulation: 0.000104
    time to finalize data and save to files: 0.0153231
    miscellaneous time: 0.449025
    FDTD solver speed on process 0: 1.63057 Mnodes/s
    total FDTD solver speed on 36 processes: 58.7004 Mnodes/s
