Lumerical 2020a FDTD Solver Version 8.23.2152 (Windows 64bit)
 expires (month/day/year): 10/31/2020
using config file: C:/Users/Workstation2-NBTP/AppData/Roaming/Lumerical/License.ini
license host: 141.223.166.50
current time: Fri Jan  3 14:45:38 2020
Running on host: DESKTOP-TF4A07D
All processes are communicating and ready to proceed to simulation...
Running fsp file: C:\Program Files\Lumerical\2020a\bin\fdtd-engine-msmpi.exe -t 1 -remote D:/LJG/DBR/Simple High Q Cavity/simple_high_Q_cavity.fsp
number of processors was reduced to 33 from a target of 36
processors are distributed as: 33x1x1
Running 2D Simulation
Starting meshing
Simulation size in gridpoints: 11 x 5 x 1
Refined 0 mesh cells (0%)
Completed meshing!
Meshing complete in 0 seconds of CPU time
0 0
Starting meshing
Simulation size in gridpoints: 11 x 5 x 1
Refined 0 mesh cells (0%)
Completed meshing!
Meshing complete in 0 seconds of CPU time
0 0
finished material properties
Selected kernel with optimization level: 2 and split-field propagation direction: 0
Starting meshing
Simulation size in gridpoints: 11 x 5 x 1
Refined 0 mesh cells (0%)
Completed meshing!
Meshing complete in 0 seconds of CPU time
0 0
Selected kernel with optimization level: 2 and split-field propagation direction: 0
-----------------------------------------
Beginning initialization of 2D FDTD Simulation
  Including TE Simulation
Starting to add sources to simulation

Adding Gaussian source propagating in X
Starting to add boundary conditions to simulation
Adding PML BC
Adding parallel BC
Adding periodic BC
Adding periodic BC
Starting to add monitors to Simulation
Adding analysis monitor
Adding analysis monitor
Adding time monitor
Finished initialization of 2D Simulation
-----------------------------------------
All processes are communicating and ready to proceed to simulation...
Starting 15411 total iterations
0.311463% complete. Max time remaining: 2 secs. Auto Shutoff: 1
1.55731% complete. Max time remaining: 1 secs. Auto Shutoff: 1
3.21845% complete. Max time remaining: 1 secs. Auto Shutoff: 1
6.54071% complete. Max time remaining: 1 secs. Auto Shutoff: 1
13.1852% complete. Max time remaining: 1 secs. Auto Shutoff: 1
26.4743% complete. Max time remaining: 1 secs. Auto Shutoff: 0.000210367
53.0525% complete. Max time remaining: 0 secs. Auto Shutoff: 0.000208015
99.9989% complete. Max time remaining: 0 secs. Auto Shutoff: 0.000437922
Completed 15411 iterations, or 9.999895e-13s of Simulation Time
Process 0 starting to collect data
    collecting TM monitor data
    collecting TE monitor data
    collecting TM source data
    collecting TE source data
Finished collecting data
Simulation completed successfully at: Fri Jan  3 14:45:39 2020
Overall wall time measurements in seconds: 1.29459
    time to mesh and initialize: 0.0399623
    time to run FDTD simulation: 0.718613
    time to checkpoint simulation: 9.88e-05
    time to finalize data and save to files: 0.0132678
    miscellaneous time: 0.522628
    FDTD solver speed on process 0: 1.1795 Mnodes/s
    total FDTD solver speed on 33 processes: 38.9236 Mnodes/s
